[    0.000000] Initializing cgroup subsys cpuset
[    0.000000] Initializing cgroup subsys cpu
[    0.000000] Initializing cgroup subsys cpuacct
[    0.000000] Linux version 4.4.0-157-generic (buildd@lgw01-amd64-037) (gcc version 5.4.0 20160609 (Ubuntu 5.4.0-6ubuntu1~16.04.10) ) #185-Ubuntu SMP Tue Jul 23 09:17:01 UTC 2019 (Ubuntu 4.4.0-157.185-generic 4.4.181)
[    0.000000] Command line: BOOT_IMAGE=/boot/vmlinuz-4.4.0-157-generic root=LABEL=cloudimg-rootfs ro console=tty1 console=ttyS0
[    0.000000] KERNEL supported cpus:
[    0.000000]   Intel GenuineIntel
[    0.000000]   AMD AuthenticAMD
[    0.000000]   Centaur CentaurHauls
[    0.000000] x86/fpu: xstate_offset[2]:  576, xstate_sizes[2]:  256
[    0.000000] x86/fpu: Supporting XSAVE feature 0x01: 'x87 floating point registers'
[    0.000000] x86/fpu: Supporting XSAVE feature 0x02: 'SSE registers'
[    0.000000] x86/fpu: Supporting XSAVE feature 0x04: 'AVX registers'
[    0.000000] x86/fpu: Enabled xstate features 0x7, context size is 832 bytes, using 'standard' format.
[    0.000000] e820: BIOS-provided physical RAM map:
[    0.000000] BIOS-e820: [mem 0x0000000000000000-0x000000000009fbff] usable
[    0.000000] BIOS-e820: [mem 0x000000000009fc00-0x000000000009ffff] reserved
[    0.000000] BIOS-e820: [mem 0x00000000000f0000-0x00000000000fffff] reserved
[    0.000000] BIOS-e820: [mem 0x0000000000100000-0x000000003ffeffff] usable
[    0.000000] BIOS-e820: [mem 0x000000003fff0000-0x000000003fffffff] ACPI data
[    0.000000] BIOS-e820: [mem 0x00000000fec00000-0x00000000fec00fff] reserved
[    0.000000] BIOS-e820: [mem 0x00000000fee00000-0x00000000fee00fff] reserved
[    0.000000] BIOS-e820: [mem 0x00000000fffc0000-0x00000000ffffffff] reserved
[    0.000000] NX (Execute Disable) protection: active
[    0.000000] SMBIOS 2.5 present.
[    0.000000] Hypervisor detected: KVM
[    0.000000] e820: last_pfn = 0x3fff0 max_arch_pfn = 0x400000000
[    0.000000] MTRR: Disabled
[    0.000000] x86/PAT: MTRRs disabled, skipping PAT initialization too.
[    0.000000] CPU MTRRs all blank - virtualized system.
[    0.000000] x86/PAT: Configuration [0-7]: WB  WT  UC- UC  WB  WT  UC- UC  
[    0.000000] found SMP MP-table at [mem 0x0009fff0-0x0009ffff] mapped at [ffff88000009fff0]
[    0.000000] Scanning 1 areas for low memory corruption
[    0.000000] RAMDISK: [mem 0x362fc000-0x37175fff]
[    0.000000] ACPI: Early table checksum verification disabled
[    0.000000] ACPI: RSDP 0x00000000000E0000 000024 (v02 VBOX  )
[    0.000000] ACPI: XSDT 0x000000003FFF0030 00003C (v01 VBOX   VBOXXSDT 00000001 ASL  00000061)
[    0.000000] ACPI: FACP 0x000000003FFF00F0 0000F4 (v04 VBOX   VBOXFACP 00000001 ASL  00000061)
[    0.000000] ACPI: DSDT 0x000000003FFF0470 0022EA (v02 VBOX   VBOXBIOS 00000002 INTL 20100528)
[    0.000000] ACPI: FACS 0x000000003FFF0200 000040
[    0.000000] ACPI: FACS 0x000000003FFF0200 000040
[    0.000000] ACPI: APIC 0x000000003FFF0240 00005C (v02 VBOX   VBOXAPIC 00000001 ASL  00000061)
[    0.000000] ACPI: SSDT 0x000000003FFF02A0 0001CC (v01 VBOX   VBOXCPUT 00000002 INTL 20100528)
[    0.000000] No NUMA configuration found
[    0.000000] Faking a node at [mem 0x0000000000000000-0x000000003ffeffff]
[    0.000000] NODE_DATA(0) allocated [mem 0x3ffeb000-0x3ffeffff]
[    0.000000] kvm-clock: Using msrs 4b564d01 and 4b564d00
[    0.000000] kvm-clock: cpu 0, msr 0:3ffe3001, primary cpu clock
[    0.000000] kvm-clock: using sched offset of 3863707419 cycles
[    0.000000] clocksource: kvm-clock: mask: 0xffffffffffffffff max_cycles: 0x1cd42e4dffb, max_idle_ns: 881590591483 ns
[    0.000000] Zone ranges:
[    0.000000]   DMA      [mem 0x0000000000001000-0x0000000000ffffff]
[    0.000000]   DMA32    [mem 0x0000000001000000-0x000000003ffeffff]
[    0.000000]   Normal   empty
[    0.000000]   Device   empty
[    0.000000] Movable zone start for each node
[    0.000000] Early memory node ranges
[    0.000000]   node   0: [mem 0x0000000000001000-0x000000000009efff]
[    0.000000]   node   0: [mem 0x0000000000100000-0x000000003ffeffff]
[    0.000000] Initmem setup node 0 [mem 0x0000000000001000-0x000000003ffeffff]
[    0.000000] ACPI: PM-Timer IO Port: 0x4008
[    0.000000] IOAPIC[0]: apic_id 2, version 32, address 0xfec00000, GSI 0-23
[    0.000000] ACPI: INT_SRC_OVR (bus 0 bus_irq 0 global_irq 2 dfl dfl)
[    0.000000] ACPI: INT_SRC_OVR (bus 0 bus_irq 9 global_irq 9 low level)
[    0.000000] Using ACPI (MADT) for SMP configuration information
[    0.000000] smpboot: Allowing 2 CPUs, 0 hotplug CPUs
[    0.000000] PM: Registered nosave memory: [mem 0x00000000-0x00000fff]
[    0.000000] PM: Registered nosave memory: [mem 0x0009f000-0x0009ffff]
[    0.000000] PM: Registered nosave memory: [mem 0x000a0000-0x000effff]
[    0.000000] PM: Registered nosave memory: [mem 0x000f0000-0x000fffff]
[    0.000000] e820: [mem 0x40000000-0xfebfffff] available for PCI devices
[    0.000000] Booting paravirtualized kernel on KVM
[    0.000000] clocksource: refined-jiffies: mask: 0xffffffff max_cycles: 0xffffffff, max_idle_ns: 7645519600211568 ns
[    0.000000] setup_percpu: NR_CPUS:512 nr_cpumask_bits:512 nr_cpu_ids:2 nr_node_ids:1
[    0.000000] PERCPU: Embedded 34 pages/cpu @ffff88003fc00000 s99544 r8192 d31528 u1048576
[    0.000000] Built 1 zonelists in Node order, mobility grouping on.  Total pages: 257912
[    0.000000] Policy zone: DMA32
[    0.000000] Kernel command line: BOOT_IMAGE=/boot/vmlinuz-4.4.0-157-generic root=LABEL=cloudimg-rootfs ro console=tty1 console=ttyS0
[    0.000000] PID hash table entries: 4096 (order: 3, 32768 bytes)
[    0.000000] Memory: 997736K/1048120K available (8618K kernel code, 1335K rwdata, 4032K rodata, 1484K init, 1284K bss, 50384K reserved, 0K cma-reserved)
[    0.000000] SLUB: HWalign=64, Order=0-3, MinObjects=0, CPUs=2, Nodes=1
[    0.000000] Kernel/User page tables isolation: enabled
[    0.000000] Hierarchical RCU implementation.
[    0.000000] 	Build-time adjustment of leaf fanout to 64.
[    0.000000] 	RCU restricting CPUs from NR_CPUS=512 to nr_cpu_ids=2.
[    0.000000] RCU: Adjusting geometry for rcu_fanout_leaf=64, nr_cpu_ids=2
[    0.000000] NR_IRQS:33024 nr_irqs:440 16
[    0.000000] Console: colour VGA+ 80x25
[    0.000000] console [tty1] enabled
[    0.000000] console [ttyS0] enabled
[    0.000000] tsc: Detected 2712.000 MHz processor
[    0.196252] Calibrating delay loop (skipped) preset value.. 5424.00 BogoMIPS (lpj=10848000)
[    0.198539] pid_max: default: 32768 minimum: 301
[    0.199838] ACPI: Core revision 20150930
[    0.203043] ACPI: 2 ACPI AML tables successfully acquired and loaded
[    0.204724] Security Framework initialized
[    0.205798] Yama: becoming mindful.
[    0.206776] AppArmor: AppArmor initialized
[    0.207972] Dentry cache hash table entries: 131072 (order: 8, 1048576 bytes)
[    0.213102] Inode-cache hash table entries: 65536 (order: 7, 524288 bytes)
[    0.214822] Mount-cache hash table entries: 2048 (order: 2, 16384 bytes)
[    0.216456] Mountpoint-cache hash table entries: 2048 (order: 2, 16384 bytes)
[    0.218233] Initializing cgroup subsys io
[    0.219319] Initializing cgroup subsys memory
[    0.220451] Initializing cgroup subsys devices
[    0.221654] Initializing cgroup subsys freezer
[    0.222812] Initializing cgroup subsys net_cls
[    0.223977] Initializing cgroup subsys perf_event
[    0.225173] Initializing cgroup subsys net_prio
[    0.226337] Initializing cgroup subsys hugetlb
[    0.227479] Initializing cgroup subsys pids
[    0.230393] mce: CPU supports 0 MCE banks
[    0.231571] Last level iTLB entries: 4KB 64, 2MB 8, 4MB 8
[    0.233041] Last level dTLB entries: 4KB 64, 2MB 0, 4MB 0, 1GB 4
[    0.234533] Spectre V2 : Mitigation: Full generic retpoline
[    0.235983] Spectre V2 : Spectre v2 / SpectreRSB mitigation: Filling RSB on context switch
[    0.238243] Speculative Store Bypass: Vulnerable
[    0.239598] MDS: Vulnerable: Clear CPU buffers attempted, no microcode
[    0.244850] Freeing SMP alternatives memory: 36K
[    0.253585] ftrace: allocating 32312 entries in 127 pages
[    0.330061] smpboot: APIC(0) Converting physical 0 to logical package 0
[    0.331790] smpboot: Max logical packages: 1
[    0.333305] x2apic enabled
[    0.334538] Switched APIC routing to physical x2apic.
[    0.337521] ..TIMER: vector=0x30 apic1=0 pin1=2 apic2=-1 pin2=-1
[    0.443752] smpboot: CPU0: Intel(R) Core(TM) i5-7200U CPU @ 2.50GHz (family: 0x6, model: 0x8e, stepping: 0x9)
[    0.446593] Performance Events: unsupported p6 CPU model 142 no PMU driver, software events only.
[    0.461437] KVM setup paravirtual spinlock
[    0.463384] x86: Booting SMP configuration:
[    0.464637] .... node  #0, CPUs:      #1
[    0.465870] kvm-clock: cpu 1, msr 0:3ffe3041, secondary cpu clock
[    0.468500] mce: CPU supports 0 MCE banks
[    0.471097] x86: Booted up 1 node, 2 CPUs
[    0.472585] smpboot: Total of 2 processors activated (10848.00 BogoMIPS)
[    0.474889] devtmpfs: initialized
[    0.477774] evm: security.selinux
[    0.478786] evm: security.SMACK64
[    0.479861] evm: security.SMACK64EXEC
[    0.480940] evm: security.SMACK64TRANSMUTE
[    0.482094] evm: security.SMACK64MMAP
[    0.483616] evm: security.ima
[    0.484843] evm: security.capability
[    0.486496] clocksource: jiffies: mask: 0xffffffff max_cycles: 0xffffffff, max_idle_ns: 7645041785100000 ns
[    0.490268] futex hash table entries: 512 (order: 3, 32768 bytes)
[    0.492042] pinctrl core: initialized pinctrl subsystem
[    0.493437] RTC time: 13:52:39, date: 08/15/19
[    0.494813] NET: Registered protocol family 16
[    0.508573] cpuidle: using governor ladder
[    0.521816] cpuidle: using governor menu
[    0.523076] PCCT header not found.
[    0.524287] ACPI: bus type PCI registered
[    0.525389] acpiphp: ACPI Hot Plug PCI Controller Driver version: 0.5
[    0.527037] PCI: Using configuration type 1 for base access
[    0.542831] ACPI: Added _OSI(Module Device)
[    0.544136] ACPI: Added _OSI(Processor Device)
[    0.545337] ACPI: Added _OSI(3.0 _SCP Extensions)
[    0.546601] ACPI: Added _OSI(Processor Aggregator Device)
[    0.548780] ACPI: Executed 1 blocks of module-level executable AML code
[    0.553094] ACPI: Interpreter enabled
[    0.554171] ACPI: (supports S0 S5)
[    0.555177] ACPI: Using IOAPIC for interrupt routing
[    0.556729] PCI: Using host bridge windows from ACPI; if necessary, use "pci=nocrs" and report a bug
[    0.563316] ACPI: PCI Root Bridge [PCI0] (domain 0000 [bus 00-ff])
[    0.565059] acpi PNP0A03:00: _OSC: OS supports [ASPM ClockPM Segments MSI]
[    0.567158] acpi PNP0A03:00: _OSC: not requesting OS control; OS requires [ExtendedConfig ASPM ClockPM MSI]
[    0.569921] acpi PNP0A03:00: fail to add MMCONFIG information, can't access extended PCI configuration space under this bridge.
[    0.573153] PCI host bridge to bus 0000:00
[    0.574348] pci_bus 0000:00: root bus resource [io  0x0000-0x0cf7 window]
[    0.576091] pci_bus 0000:00: root bus resource [io  0x0d00-0xffff window]
[    0.577726] pci_bus 0000:00: root bus resource [mem 0x000a0000-0x000bffff window]
[    0.579804] pci_bus 0000:00: root bus resource [mem 0x40000000-0xfdffffff window]
[    0.581876] pci_bus 0000:00: root bus resource [bus 00-ff]
[    0.585467] pci 0000:00:01.1: legacy IDE quirk: reg 0x10: [io  0x01f0-0x01f7]
[    0.587231] pci 0000:00:01.1: legacy IDE quirk: reg 0x14: [io  0x03f6]
[    0.588940] pci 0000:00:01.1: legacy IDE quirk: reg 0x18: [io  0x0170-0x0177]
[    0.590572] pci 0000:00:01.1: legacy IDE quirk: reg 0x1c: [io  0x0376]
[    0.618540] pci 0000:00:07.0: quirk: [io  0x4000-0x403f] claimed by PIIX4 ACPI
[    0.635999] pci 0000:00:07.0: quirk: [io  0x4100-0x410f] claimed by PIIX4 SMB
[    0.656142] ACPI: PCI Interrupt Link [LNKA] (IRQs 5 9 10 *11)
[    0.659476] ACPI: PCI Interrupt Link [LNKB] (IRQs 5 9 *10 11)
[    0.662696] ACPI: PCI Interrupt Link [LNKC] (IRQs 5 *9 10 11)
[    0.665818] ACPI: PCI Interrupt Link [LNKD] (IRQs 5 9 10 *11)
[    0.668963] ACPI: Enabled 2 GPEs in block 00 to 07
[    0.671238] vgaarb: setting as boot device: PCI:0000:00:02.0
[    0.673234] vgaarb: device added: PCI:0000:00:02.0,decodes=io+mem,owns=io+mem,locks=none
[    0.676141] vgaarb: loaded
[    0.677138] vgaarb: bridge control possible 0000:00:02.0
[    0.678876] SCSI subsystem initialized
[    0.680944] ACPI: bus type USB registered
[    0.683022] usbcore: registered new interface driver usbfs
[    0.685321] usbcore: registered new interface driver hub
[    0.687445] usbcore: registered new device driver usb
[    0.689755] PCI: Using ACPI for IRQ routing
[    0.692118] NetLabel: Initializing
[    0.693498] NetLabel:  domain hash size = 128
[    0.695040] NetLabel:  protocols = UNLABELED CIPSOv4
[    0.700636] NetLabel:  unlabeled traffic allowed by default
[    0.702755] amd_nb: Cannot enumerate AMD northbridges
[    0.705018] clocksource: Switched to clocksource kvm-clock
[    0.724881] AppArmor: AppArmor Filesystem Enabled
[    0.726774] pnp: PnP ACPI init
[    0.729426] pnp: PnP ACPI: found 3 devices
[    0.743347] clocksource: acpi_pm: mask: 0xffffff max_cycles: 0xffffff, max_idle_ns: 2085701024 ns
[    0.746714] NET: Registered protocol family 2
[    0.748652] TCP established hash table entries: 8192 (order: 4, 65536 bytes)
[    0.750876] TCP bind hash table entries: 8192 (order: 5, 131072 bytes)
[    0.752692] TCP: Hash tables configured (established 8192 bind 8192)
[    0.754857] UDP hash table entries: 512 (order: 2, 16384 bytes)
[    0.756994] UDP-Lite hash table entries: 512 (order: 2, 16384 bytes)
[    0.759380] NET: Registered protocol family 1
[    0.761642] pci 0000:00:00.0: Limiting direct PCI/PCI transfers
[    0.764141] pci 0000:00:01.0: Activating ISA DMA hang workarounds
[    0.767092] Unpacking initramfs...
[    1.055965] Freeing initrd memory: 14824K
[    1.057316] clocksource: tsc: mask: 0xffffffffffffffff max_cycles: 0x2717868ea45, max_idle_ns: 440795316085 ns
[    1.059867] platform rtc_cmos: registered platform RTC device (no PNP device found)
[    1.062195] Scanning for low memory corruption every 60 seconds
[    1.064207] audit: initializing netlink subsys (disabled)
[    1.065585] audit: type=2000 audit(1565877164.860:1): initialized
[    1.067341] Initialise system trusted keyring
[    1.068682] HugeTLB registered 2 MB page size, pre-allocated 0 pages
[    1.071648] zbud: loaded
[    1.072873] VFS: Disk quotas dquot_6.6.0
[    1.074021] VFS: Dquot-cache hash table entries: 512 (order 0, 4096 bytes)
[    1.075824] squashfs: version 4.0 (2009/01/31) Phillip Lougher
[    1.077590] fuse init (API version 7.23)
[    1.078886] Key type big_key registered
[    1.079959] Allocating IMA MOK and blacklist keyrings.
[    1.082574] Key type asymmetric registered
[    1.083659] Asymmetric key parser 'x509' registered
[    1.084959] Block layer SCSI generic (bsg) driver version 0.4 loaded (major 249)
[    1.087081] io scheduler noop registered
[    1.088139] io scheduler deadline registered (default)
[    1.089445] io scheduler cfq registered
[    1.090700] pci_hotplug: PCI Hot Plug PCI Core version: 0.5
[    1.092115] pciehp: PCI Express Hot Plug Controller Driver version: 0.4
[    1.093930] ACPI: AC Adapter [AC] (on-line)
[    1.095070] input: Power Button as /devices/LNXSYSTM:00/LNXPWRBN:00/input/input0
[    1.097012] ACPI: Power Button [PWRF]
[    1.098147] input: Sleep Button as /devices/LNXSYSTM:00/LNXSLPBN:00/input/input1
[    1.100098] ACPI: Sleep Button [SLPF]
[    1.101333] GHES: HEST is not enabled!
[    1.102239] ACPI: Battery Slot [BAT0] (battery present)
[    1.104203] Serial: 8250/16550 driver, 32 ports, IRQ sharing enabled
[    1.126487] 00:02: ttyS0 at I/O 0x3f8 (irq = 4, base_baud = 115200) is a 16550A
[    1.132090] Linux agpgart interface v0.103
[    1.135648] loop: module loaded
[    1.137283] scsi host0: ata_piix
[    1.138309] scsi host1: ata_piix
[    1.139259] ata1: PATA max UDMA/33 cmd 0x1f0 ctl 0x3f6 bmdma 0xd000 irq 14
[    1.140810] ata2: PATA max UDMA/33 cmd 0x170 ctl 0x376 bmdma 0xd008 irq 15
[    1.142542] libphy: Fixed MDIO Bus: probed
[    1.143704] tun: Universal TUN/TAP device driver, 1.6
[    1.145055] tun: (C) 1999-2004 Max Krasnyansky <maxk@qualcomm.com>
[    1.146715] PPP generic driver version 2.4.2
[    1.147949] ehci_hcd: USB 2.0 'Enhanced' Host Controller (EHCI) Driver
[    1.149436] ehci-pci: EHCI PCI platform driver
[    1.150613] ehci-platform: EHCI generic platform driver
[    1.151938] ohci_hcd: USB 1.1 'Open' Host Controller (OHCI) Driver
[    1.153413] ohci-pci: OHCI PCI platform driver
[    1.154620] ohci-platform: OHCI generic platform driver
[    1.155904] uhci_hcd: USB Universal Host Controller Interface driver
[    1.157445] i8042: PNP: PS/2 Controller [PNP0303:PS2K,PNP0f03:PS2M] at 0x60,0x64 irq 1,12
[    1.160076] serio: i8042 KBD port at 0x60,0x64 irq 1
[    1.161320] serio: i8042 AUX port at 0x60,0x64 irq 12
[    1.162940] mousedev: PS/2 mouse device common for all mice
[    1.164673] input: AT Translated Set 2 keyboard as /devices/platform/i8042/serio0/input/input2
[    1.167416] rtc_cmos rtc_cmos: rtc core: registered rtc_cmos as rtc0
[    1.168947] rtc_cmos rtc_cmos: alarms up to one day, 114 bytes nvram
[    1.170480] i2c /dev entries driver
[    1.171500] device-mapper: uevent: version 1.0.3
[    1.172762] device-mapper: ioctl: 4.34.0-ioctl (2015-10-28) initialised: dm-devel@redhat.com
[    1.174972] ledtrig-cpu: registered to indicate activity on CPUs
[    1.176938] NET: Registered protocol family 10
[    1.178359] NET: Registered protocol family 17
[    1.179513] Key type dns_resolver registered
[    1.181079] registered taskstats version 1
[    1.182170] Loading compiled-in X.509 certificates
[    1.183928] Loaded X.509 cert 'Build time autogenerated kernel key: 3e01e6df98386236d59670e6b2ed19a044d5324e'
[    1.186374] zswap: loaded using pool lzo/zbud
[    1.189458] Key type trusted registered
[    1.193582] Key type encrypted registered
[    1.194658] AppArmor: AppArmor sha1 policy hashing enabled
[    1.195962] ima: No TPM chip found, activating TPM-bypass!
[    1.197280] ima: Allocated hash algorithm: sha1
[    1.198502] evm: HMAC attrs: 0x1
[    1.199872]   Magic number: 15:855:887
[    1.200972] rtc_cmos rtc_cmos: setting system clock to 2019-08-15 13:52:40 UTC (1565877160)
[    1.203225] BIOS EDD facility v0.16 2004-Jun-25, 0 devices found
[    1.204626] EDD information not available.
[    1.300949] Freeing unused kernel memory: 1484K
[    1.305345] Write protecting the kernel read-only data: 14336k
[    1.312297] Freeing unused kernel memory: 1612K
[    1.317452] Freeing unused kernel memory: 64K
Loading, please wait...
starting version 229
[    1.346505] random: systemd-udevd: uninitialized urandom read (16 bytes read, 3 bits of entropy available)
[    1.347378] random: udevadm: uninitialized urandom read (16 bytes read, 3 bits of entropy available)
[    1.347405] random: udevadm: uninitialized urandom read (16 bytes read, 3 bits of entropy available)
[    1.360342] random: udevadm: uninitialized urandom read (16 bytes read, 3 bits of entropy available)
[    1.360388] random: udevadm: uninitialized urandom read (16 bytes read, 3 bits of entropy available)
[    1.360543] random: udevadm: uninitialized urandom read (16 bytes read, 3 bits of entropy available)
[    1.360597] random: udevadm: uninitialized urandom read (16 bytes read, 3 bits of entropy available)
[    1.360653] random: udevadm: uninitialized urandom read (16 bytes read, 3 bits of entropy available)
[    1.360708] random: udevadm: uninitialized urandom read (16 bytes read, 3 bits of entropy available)
[    1.360761] random: udevadm: uninitialized urandom read (16 bytes read, 3 bits of entropy available)
[    1.415398] e1000: Intel(R) PRO/1000 Network Driver - version 7.3.21-k8-NAPI
[    1.417850] e1000: Copyright (c) 1999-2006 Intel Corporation.
[    1.420982] Fusion MPT base driver 3.04.20
[    1.422628] Copyright (c) 1999-2008 LSI Corporation
[    1.428769] Fusion MPT SPI Host driver 3.04.20
[    1.443111] AVX2 version of gcm_enc/dec engaged.
[    1.444819] AES CTR mode by8 optimization enabled
[    1.637891] input: ImExPS/2 Generic Explorer Mouse as /devices/platform/i8042/serio1/input/input4
[    1.821576] e1000 0000:00:03.0 eth0: (PCI:33MHz:32-bit) 02:c2:66:bb:16:6d
[    1.825359] e1000 0000:00:03.0 eth0: Intel(R) PRO/1000 Network Connection
[    2.246572] e1000 0000:00:08.0 eth1: (PCI:33MHz:32-bit) 08:00:27:46:47:84
[    2.252534] e1000 0000:00:08.0 eth1: Intel(R) PRO/1000 Network Connection
[    2.261190] mptbase: ioc0: Initiating bringup
[    2.262157] e1000 0000:00:08.0 enp0s8: renamed from eth1
[    2.279088] e1000 0000:00:03.0 enp0s3: renamed from eth0
[    2.340753] ioc0: LSI53C1030 A0: Capabilities={Initiator}
[    3.093515] scsi host2: ioc0: LSI53C1030 A0, FwRev=00000000h, Ports=1, MaxQ=256, IRQ=20
[    3.514873] scsi 2:0:0:0: Direct-Access     VBOX     HARDDISK         1.0  PQ: 0 ANSI: 5
[    3.523810] scsi target2:0:0: Beginning Domain Validation
[    3.534868] scsi target2:0:0: Domain Validation skipping write tests
[    3.540369] scsi target2:0:0: Ending Domain Validation
[    3.545328] scsi target2:0:0: asynchronous
[    3.549398] scsi 2:0:1:0: Direct-Access     VBOX     HARDDISK         1.0  PQ: 0 ANSI: 5
[    3.553606] scsi target2:0:1: Beginning Domain Validation
[    3.560475] scsi target2:0:1: Domain Validation skipping write tests
[    3.563481] scsi target2:0:1: Ending Domain Validation
[    3.587014] scsi target2:0:1: asynchronous
[    3.599900] sd 2:0:0:0: [sda] 20971520 512-byte logical blocks: (10.7 GB/10.0 GiB)
[    3.602368] sd 2:0:0:0: Attached scsi generic sg0 type 0
[    3.604099] sd 2:0:0:0: [sda] Write Protect is off
[    3.605649] sd 2:0:0:0: [sda] Incomplete mode parameter data
[    3.607134] sd 2:0:0:0: [sda] Assuming drive cache: write through
[    3.609424] sd 2:0:1:0: Attached scsi generic sg1 type 0
[    3.609496] sd 2:0:1:0: [sdb] 20480 512-byte logical blocks: (10.5 MB/10.0 MiB)
[    3.613365] sd 2:0:1:0: [sdb] Write Protect is off
[    3.615091] sd 2:0:1:0: [sdb] Incomplete mode parameter data
[    3.616459] sd 2:0:1:0: [sdb] Assuming drive cache: write through
[    3.618743]  sda: sda1
[    3.620668] sd 2:0:0:0: [sda] Attached SCSI disk
[    3.626846] sd 2:0:1:0: [sdb] Attached SCSI disk
Begin: Loading essential drivers ... [    5.191275] md: linear personality registered for level -1
[    5.200711] md: multipath personality registered for level -4
[    5.205949] md: raid0 personality registered for level 0
[    5.212976] md: raid1 personality registered for level 1
[    5.285636] raid6: sse2x1   gen()  6236 MB/s
[    5.353966] raid6: sse2x1   xor()  7193 MB/s
[    5.422253] raid6: sse2x2   gen() 11730 MB/s
[    5.489547] raid6: sse2x2   xor()  7963 MB/s
[    5.557034] raid6: sse2x4   gen() 14065 MB/s
[    5.625259] raid6: sse2x4   xor()  9267 MB/s
[    5.693526] raid6: avx2x1   gen() 16988 MB/s
[    5.761912] raid6: avx2x2   gen() 19368 MB/s
[    5.829203] raid6: avx2x4   gen() 20250 MB/s
[    5.830519] raid6: using algorithm avx2x4 gen() 20250 MB/s
[    5.831908] raid6: using avx2x2 recovery algorithm
[    5.834256] xor: automatically using best checksumming function:
[    5.873145]    avx       : 26192.000 MB/sec
[    5.875883] async_tx: api initialized (async)
[    5.888291] md: raid6 personality registered for level 6
[    5.890192] md: raid5 personality registered for level 5
[    5.892117] md: raid4 personality registered for level 4
[    5.906164] md: raid10 personality registered for level 10
done.
Begin: Running /scripts/init-premount ... done.
Begin: Mounting root file system ... Begin: Running /scripts/local-top ... done.
Begin: Running /scripts/local-premount ... [    5.958995] Btrfs loaded
Scanning for Btrfs filesystems
done.
Warning: fsck not present, so skipping root file system
[    6.001750] EXT4-fs (sda1): INFO: recovery required on readonly filesystem
[    6.003847] EXT4-fs (sda1): write access will be enabled during recovery
[    6.087222] EXT4-fs (sda1): recovery complete
[    6.088613] EXT4-fs (sda1): mounted filesystem with ordered data mode. Opts: (null)
done.
Begin: Running /scripts/local-bottom ... done.
Begin: Running /scripts/init-bottom ... done.
[    6.220160] systemd[1]: systemd 229 running in system mode. (+PAM +AUDIT +SELINUX +IMA +APPARMOR +SMACK +SYSVINIT +UTMP +LIBCRYPTSETUP +GCRYPT +GNUTLS +ACL +XZ -LZ4 +SECCOMP +BLKID +ELFUTILS +KMOD -IDN)
[    6.225694] systemd[1]: Detected virtualization oracle.
[    6.227060] systemd[1]: Detected architecture x86-64.

Welcome to [1mUbuntu 16.04.6 LTS[0m!

[    6.233279] systemd[1]: Set hostname to <ubuntu-xenial>.
[    6.422554] systemd[1]: Configuration file /etc/systemd/system/mongod.service is marked executable. Please remove executable permission bits. Proceeding anyway.
[    6.441244] systemd[1]: Set up automount Arbitrary Executable File Formats File System Automount Point.
[[0;32m  OK  [0m] Set up automount Arbitrary Executab...ats File System Automount Point.
[    6.445557] systemd[1]: Created slice System Slice.
[[0;32m  OK  [0m] Created slice System Slice.
[    6.453818] systemd[1]: Created slice User and Session Slice.
[[0;32m  OK  [0m] Created slice User and Session Slice.
[    6.456587] systemd[1]: Listening on Device-mapper event daemon FIFOs.
[[0;32m  OK  [0m] Listening on Device-mapper event daemon FIFOs.
[    6.459653] systemd[1]: Listening on Journal Socket.
[[0;32m  OK  [0m] Listening on Journal Socket.
[    6.473302] systemd[1]: Starting Remount Root and Kernel File Systems...
         Starting Remount Root and Kernel File Systems...
[    6.477557] systemd[1]: Starting Nameserver information manager...
         Starting Nameserver information manager...
[    6.489093] systemd[1]: Starting Load Kernel Modules...
         Starting Load Kernel Modules...
[    6.492226] systemd[1]: Starting Create list of required static device nodes for the current kernel...
[    6.494499] EXT4-fs (sda1): re-mounted. Opts: (null)
         Starting Create list of required st... nodes for the current kernel...
[    6.498737] systemd[1]: Mounting Debug File System...
         Mounting Debug File System...
[    6.501131] systemd[1]: Listening on Syslog Socket.
[[0;32m  OK  [0m] Listening on Syslog Socket.
[    6.504112] systemd[1]: Started Trigger resolvconf update for networkd DNS.
[    6.506564] Loading iSCSI transport class v2.0-870.
[[0;32m  OK  [0m] Started Trigger resolvconf update for networkd DNS.
[    6.514316] systemd[1]: Starting Set console keymap...
         Starting Set console keymap...
[    6.516884] systemd[1]: Listening on Journal Socket (/dev/log).
[    6.519154] iscsi: registered transport (tcp)
[[0;32m  OK  [0m] Listening on Journal Socket (/dev/log).
[    6.523266] systemd[1]: Mounting POSIX Message Queue File System...
         Mounting POSIX Message Queue File System...
[    6.528890] systemd[1]: Created slice system-serial\x2dgetty.slice.
[[0;32m  OK  [0m] Created slice system-serial\x2dgetty.slice.
[    6.532758] systemd[1]: Reached target System Time Synchronized.
[[0;32m  OK  [0m] Reached target System Time Synchronized.
[    6.537516] systemd[1]: Reached target Swap.
[[0;32m  OK  [0m] Reached target Swap.
[    6.541594] systemd[1]: Mounting Huge Pages File System...
         Mounting Huge Pages File System...
[    6.545524] systemd[1]: Started Forward Password Requests to Wall Directory Watch.
[[0;32m  OK  [0m] Started Forward Password Requests to Wall Directory Watch.
[    6.552938] systemd[1]: Listening on LVM2 poll daemon socket.
[[0;32m  OK  [0m] Listening on LVM2 poll daemon socket.
[    6.557222] systemd[1]: Listening on Journal Audit Socket.
[[0;32m  OK  [0m] Listening on Journal Audit Socket.
[    6.566197] systemd[1]: Starting Journal Service...
         Starting Journal Service...
[    6.569463] systemd[1]: Listening on udev Control Socket.
[[0;32m  OK  [0m] Listening on udev Control Socket.
[    6.574832] systemd[1]: Listening on udev Kernel Socket.
[[0;32m  OK  [0m] Listening on udev Kernel Socket.
[    6.583010] iscsi: registered transport (iser)
[    6.593255] systemd[1]: Starting Uncomplicated firewall...
         Starting Uncomplicated firewall...
[    6.601566] systemd[1]: Listening on LVM2 metadata daemon socket.
[[0;32m  OK  [0m] Listening on LVM2 metadata daemon socket.
[    6.618264] systemd[1]: Starting Monitoring of LVM2 mirrors, snapshots etc. using dmeventd or progress polling...
         Starting Monitoring of LVM2 mirrors... dmeventd or progress polling...
[    6.623884] systemd[1]: Reached target User and Group Name Lookups.
[[0;32m  OK  [0m] Reached target User and Group Name Lookups.
[    6.628019] systemd[1]: Listening on /dev/initctl Compatibility Named Pipe.
[[0;32m  OK  [0m] Listening on /dev/initctl Compatibility Named Pipe.
[    6.632308] systemd[1]: Reached target Encrypted Volumes.
[[0;32m  OK  [0m] Reached target Encrypted Volumes.
[    6.637304] systemd[1]: Reached target Slices.
[[0;32m  OK  [0m] Reached target Slices.
[    6.666539] systemd[1]: Mounted Huge Pages File System.
[[0;32m  OK  [0m] Mounted Huge Pages File System.
[    6.669185] systemd[1]: Mounted Debug File System.
[[0;32m  OK  [0m] Mounted Debug File System.
[    6.671545] systemd[1]: Mounted POSIX Message Queue File System.
[[0;32m  OK  [0m] Mounted POSIX Message Queue File System.
[    6.674883] systemd[1]: Started Journal Service.
[[0;32m  OK  [0m] Started Journal Service.
[[0;32m  OK  [0m] Started Remount Root and Kernel File Systems.
[[0;32m  OK  [0m] Started Load Kernel Modules.
[[0;32m  OK  [0m] Started Create list of required sta...ce nodes for the current kernel.
[[0;32m  OK  [0m] Started Set console keymap.
[[0;32m  OK  [0m] Started Uncomplicated firewall.
[[0;32m  OK  [0m] Started Nameserver information manager.
[[0;32m  OK  [0m] Started LVM2 metadata daemon.
[    6.794387] random: nonblocking pool is initialized
         Starting Create Static Device Nodes in /dev...
         Starting Apply Kernel Variables...
         Mounting FUSE Control File System...
         Starting udev Coldplug all Devices...
         Starting Load/Save Random Seed...
         Starting Flush Journal to Persistent Storage...
[[0;32m  OK  [0m] Mounted FUSE Control File System.
[[0;32m  OK  [0m] Started Load/Save Random Seed.
[[0;32m  OK  [0m] Started Apply Kernel Variables.
[[0;32m  OK  [0m] Started Create Static Device Nodes in /dev.
[[0;32m  OK  [0m] Started Flush Journal to Persistent Storage.
[[0;32m  OK  [0m] Started udev Coldplug all Devices.
         Starting udev Kernel Device Manager...
[[0;32m  OK  [0m] Started udev Kernel Device Manager.
[[0;32m  OK  [0m] Started Dispatch Password Requests to Console Directory Watch.
[[0;32m  OK  [0m] Started Monitoring of LVM2 mirrors,...ng dmeventd or progress polling.
[[0;32m  OK  [0m] Reached target Local File Systems (Pre).
[[0;32m  OK  [0m] Reached target Local File Systems.
         Starting Set console font and keymap...
         Starting Initial cloud-init job (pre-networking)...
         Starting LSB: AppArmor initialization...
         Starting Create Volatile Files and Directories...
         Starting Tell Plymouth To Write Out Runtime Data...
[[0;32m  OK  [0m] Started Create Volatile Files and Directories.
[[0;32m  OK  [0m] Started Tell Plymouth To Write Out Runtime Data.
[[0;32m  OK  [0m] Found device /dev/ttyS0.
         Starting Update UTMP about System Boot/Shutdown...
[[0;32m  OK  [0m] Started Update UTMP about System Boot/Shutdown.
[[0;32m  OK  [0m] Listening on Load/Save RF Kill Switch Status /dev/rfkill Watch.
[[0;32m  OK  [0m] Started LSB: AppArmor initialization.
[[0;32m  OK  [0m] Found device 82540EM Gigabit Ethern...r (PRO/1000 MT Desktop Adapter).
[[0;32m  OK  [0m] Found device 82540EM Gigabit Ethern...r (PRO/1000 MT Desktop Adapter).
[    8.281145] cloud-init[494]: Cloud-init v. 19.1-1-gbaa47854-0ubuntu1~16.04.1 running 'init-local' at Thu, 15 Aug 2019 13:52:47 +0000. Up 7.78 seconds.
[[0;32m  OK  [0m] Started Initial cloud-init job (pre-networking).
[[0;32m  OK  [0m] Reached target Network (Pre).
         Starting Raise network interfaces...
[[0;32m  OK  [0m] Started ifup for enp0s8.
[[0;32m  OK  [0m] Started ifup for enp0s3.
[[0;32m  OK  [0m] Started Set console font and keymap.
[[0;32m  OK  [0m] Created slice system-getty.slice.
[[0;32m  OK  [0m] Started Raise network interfaces.
         Starting Initial cloud-init job (metadata service crawler)...
[[0;32m  OK  [0m] Reached target Network.
[    9.639365] cloud-init[1083]: Cloud-init v. 19.1-1-gbaa47854-0ubuntu1~16.04.1 running 'init' at Thu, 15 Aug 2019 13:52:48 +0000. Up 9.19 seconds.
[    9.649089] cloud-init[1083]: ci-info: ++++++++++++++++++++++++++++++++++++++Net device info+++++++++++++++++++++++++++++++++++++++
[    9.656942] cloud-init[1083]: ci-info: +--------+------+-----------------------------+---------------+--------+-------------------+
[    9.664720] cloud-init[1083]: ci-info: | Device |  Up  |           Address           |      Mask     | Scope  |     Hw-Address    |
[    9.672526] cloud-init[1083]: ci-info: +--------+------+-----------------------------+---------------+--------+-------------------+
[    9.681278] cloud-init[1083]: ci-info: | enp0s3 | True |          10.0.2.15          | 255.255.255.0 | global | 02:c2:66:bb:16:6d |
[    9.689103] cloud-init[1083]: ci-info: | enp0s3 | True |  fe80::c2:66ff:febb:166d/64 |       .       |  link  | 02:c2:66:bb:16:6d |
[    9.697177] cloud-init[1083]: ci-info: | enp0s8 | True |        192.168.10.150       | 255.255.255.0 | global | 08:00:27:46:47:84 |
[    9.704796] [[0;32m  OK  [0m] Started Initial cloud-init job (metadata service crawler).
cloud-init[1083]: ci-info: | enp0s8 | True | fe80::a00:27ff:fe46:4784/64 |       .       |  link  | 08:00:27:46:47:84 |[[0;32m  OK  [0m] Reached target Network is Online.

[    9.709702] cloud-init[1083]: ci-info: |   lo   | True |          127.0.0.1          |   255.0.0.0   |  host  |         .         |
[    9.711151] cloud-init[1083]: ci-info: |   lo   | True |           ::1/128           |       .       |  host  |         .         |
[    9.724679] cloud-init[1083]: ci-info: +--------+------+-----------------------------+---------------+--------+-------------------+
[    9.726381] cloud-init[1083]: ci-info: ++++++++++++++++++++++++++++Route IPv4 info++++++++++++++++++++++++++++
[    9.732718] cloud-init[1083]: ci-info: +-------+--------------+----------+---------------+-----------+-------+         Starting iSCSI initiator daemon (iscsid)...
[[0;32m  OK  [0m] Reached target System Initialization.
[[0;32m  OK  [0m] Listening on ACPID Listen Socket.
[[0;32m  OK  [0m] Listening on D-Bus System Message Bus Socket.

[    9.737626] [[0;32m  OK  [0m] Started ACPI Events Check.
[[0;32m  OK  [0m] Reached target Paths.
cloud-init[[0;32m  OK  [0m] Started Daily apt download activities.
[[0;32m  OK  [0m] Started Daily Cleanup of Temporary Directories.
         Starting Socket activation for snappy daemon.
         Starting LXD - unix socket.
[[0;32m  OK  [0m] Started Daily apt upgrade and clean activities.
[[0;32m  OK  [0m] Listening on UUID daemon activation socket.
[[0;32m  OK  [0m] Reached target Timers.
[[0;32m  OK  [0m] Reached target Cloud-config availability.
[[0;32m  OK  [0m] Listening on Socket activation for snappy daemon.
[1083]: ci-info: | Route | Destination  | Gateway  |    Genmask    | Interface | Flags |
[    9.750565] cloud-init[1083]: ci-info: +-------+--------------+----------+---------------+-----------+-------+
[    9.753298] cloud-init[1083]: ci-info: |   0   |   0.0.0.0    | 10.0.2.2 |    0.0.0.0    |   enp0s3  |   UG  |
[    9.754659] cloud-init[1083]: ci-info: |   1   |   10.0.2.0   | 0.0.0.0  | 255.255.255.0 |   enp0s3  |   U   |
[    9.756627] cloud-init[1083]: ci-info: |   2   | 192.168.10.0 | 0.0.0.0  | 255.255.255.0 |   enp0s8  |   U   |
[    9.759163] cloud-init[1083]: ci-info: +-------+--------------+----------+---------------+-----------+-------+
[[0;32m  OK  [0m] Listening on LXD - unix socket.
[    9.762432] cloud-init[1083]: ci-info: +++++++++++++++++++Route IPv6 info+++++++++++++++++++
[    9.765317] cloud-init[1083]: ci-info: +-------+-------------+---------+-----------+-------+
[    9.767131] cloud-init[[0;32m  OK  [0m] Started iSCSI initiator daemon (iscsid).
[1083]: ci-info: | Route | Destination | Gateway | Interface | Flags |         Starting Login to default iSCSI targets...
[[0;32m  OK  [0m] Reached target Sockets.
[[0;32m  OK  [0m] Reached target Basic System.

[    9.774016] cloud-init[1083]: ci-info: +-------+-------------+---------+-----------+-------+
[    9.775592] cloud-init[1083]: ci-info: |   0   |  fe80::/64  |    ::   |   enp0s8  |   U   |
[    9.777624] cloud-init[1083]: ci-info: |   1   |  fe80::/64  |    ::   |   enp0s3  |   U   |
[    9.779214] cloud-init[1083]: ci-info: |   4   |   ff00::/8  |    ::   |   enp0s8  |   U   |
[    9.788500]          Starting LSB: MD monitoring daemon...
cloud-init[1083]: ci-info: |   5   |   ff00::/8  |    ::   |   enp0s3  |   U   |
[    9.796583] cloud-init[1083]: ci-info: +-------+-------------+---------+-----------+-------+
         Starting /etc/rc.local Compatibility...
[[0;32m  OK  [0m] Started Deferred execution scheduler.
         Starting Accounts Service...
         Starting Login Service...
         Starting LXD - container startup/shutdown...
         Starting System Logging Service...
[[0;32m  OK  [0m] Started Regular background program processing daemon.
[[0;32m  OK  [0m] Started D-Bus System Message Bus.
         Starting Snappy daemon...
         Starting LSB: Record successful boot for GRUB...
         Starting Virtualbox guest utils...
[[0;32m  OK  [0m] Started FUSE filesystem for LXC.
[[0;32m  OK  [0m] Started ACPI event daemon.
         Starting OpenBSD Secure Shell server...
[[0;32m  OK  [0m] Started System Logging Service.
[[0;32m  OK  [0m] Started /etc/rc.local Compatibility.
[[0;32m  OK  [0m] Started Login to default iSCSI targets.
[[0;32m  OK  [0m] Started LSB: MD monitoring daemon.
[[0;32m  OK  [0m] Started OpenBSD Secure Shell server.
[[0;32m  OK  [0m] Started LXD - container startup/shutdown.
[[0;32m  OK  [0m] Started LSB: Record successful boot for GRUB.
[[0;32m  OK  [0m] Started Login Service.
[[0;32m  OK  [0m] Started Unattended Upgrades Shutdown.
         Starting Authenticate and Authorize Users to Run Privileged Tasks...
[[0;32m  OK  [0m] Reached target Remote File Systems (Pre).
[[0;32m  OK  [0m] Reached target Remote File Systems.
         Starting LSB: Set the CPU Frequency Scaling governor to "ondemand"...
         Starting LSB: automatic crash report generation...
         Starting LSB: daemon to balance interrupts for SMP systems...
         Starting Permit User Sessions...
[[0;32m  OK  [0m] Started Permit User Sessions.
         Starting Terminate Plymouth Boot Screen...
         Starting Hold until boot process finishes up...
[[0;32m  OK  [0m] Started LSB: Set the CPU Frequency Scaling governor to "ondemand".
[[0;32m  OK  [0m] Started LSB: automatic crash report generation.
[[0;32m  OK  [0m] Started Hold until boot process finishes up.
[[0;32m  OK  [0m] Started Authenticate and Authorize Users to Run Privileged Tasks.
[[0;32m  OK  [0m] Started Terminate Plymouth Boot Screen.
[[0;32m  OK  [0m] Started Virtualbox guest utils.
[[0;32m  OK  [0m] Started Accounts Service.
[[0;32m  OK  [0m] Started Getty on tty1.
[[0;32m  OK  [0m] Started Serial Getty on ttyS0.
[[0;32m  OK  [0m] Reached target Login Prompts.
         Starting Set console scheme...
[[0;32m  OK  [0m] Started LSB: daemon to balance interrupts for SMP systems.
[[0;32m  OK  [0m] Started Set console scheme.
[[0;32m  OK  [0m] Started Snappy daemon.
         Starting Wait until snapd is fully seeded...
[[0;32m  OK  [0m] Started Wait until snapd is fully seeded.
         Starting Apply the settings specified in cloud-config...
[[0;32m  OK  [0m] Reached target Multi-User System.
[[0;32m  OK  [0m] Started High-performance, schema-free document-oriented database.
[[0;32m  OK  [0m] Reached target Graphical Interface.
         Starting Update UTMP about System Runlevel Changes...
[[0;32m  OK  [0m] Started Update UTMP about System Runlevel Changes.
[   11.396707] cloud-init[1344]: Cloud-init v. 19.1-1-gbaa47854-0ubuntu1~16.04.1 running 'modules:config' at Thu, 15 Aug 2019 13:52:50 +0000. Up 11.21 seconds.
[[0;32m  OK  [0m] Started Apply the settings specified in cloud-config.
         Starting Execute cloud user/final scripts...
[[0;32m  OK  [0m] Created slice User Slice of vagrant.
         Starting User Manager for UID 1000...
[[0;32m  OK  [0m] Started Session 1 of user vagrant.
[[0;32m  OK  [0m] Started User Manager for UID 1000.
[   12.365003] cloud-init[1362]: Cloud-init v. 19.1-1-gbaa47854-0ubuntu1~16.04.1 running 'modules:final' at Thu, 15 Aug 2019 13:52:51 +0000. Up 12.09 seconds.
[   12.368509] cloud-init[1362]: Cloud-init v. 19.1-1-gbaa47854-0ubuntu1~16.04.1 finished at Thu, 15 Aug 2019 13:52:52 +0000. Datasource DataSourceNoCloud [seed=/dev/sdb][dsmode=net].  Up 12.35 seconds
[[0;32m  OK  [0m] Started Execute cloud user/final scripts.
[[0;32m  OK  [0m] Reached target Cloud-init target.
         Starting Daily apt download activities...

Ubuntu 16.04.6 LTS ubuntu-xenial ttyS0

ubuntu-xenial login: 